(------------------------------------------------------------)
(                                                            )
(                    NC ROUTE LOG FILE                       )
(                                                            )
(        Drawing    : 4.11_cmpe174tutorial.brd               )
(        Date/Time  : Tue Oct 27 20:38:29 2009               )
(                                                            )
(------------------------------------------------------------)



 Processing NC Parameters file ...

 NC PARAMETERS
 -------------

 FORMAT   		2.4
 MACHINE-OFFSET		x:0.000000	y:0.000000
 FEEDRATE		1
 COORDINATES		ABSOLUTE
 OUTPUT-UNITS		ENGLISH
 TOOL-ORDER		INCREASING
 REPEAT-CODES		YES
 SUPPRESS-LEAD-ZEROES	NO
 SUPPRESS-TRAIL-ZEROES	YES
 SUPPRESS-EQUAL		NO
 TOOL-SELECT		NO
 HEADER			none
 LEADER			12
 CODE			ASCII
 SEPARATE		NO
 OPTIMIZE_DRILLING	NO
 ENHANCED_EXCELLON	YES
 SCALE			1.000000

-------------------------------------------------------------

 Processing route path data ...

 WARNING: No route path data was found for processing.

-------------------------------------------------------------

 Processing slot hole data ...

 WARNING: Can't find NC Route bit file (ncroutebits.txt)!
          Using T01 to route ALL route cuts.

 WARNING: No slot holes were found for processing!

-------------------------------------------------------------

 NC Route file 4.11_cmpe174tutorial.rou created ... Program completed.

