(---------------------------------------------------------------------)
(                                                                     )
(    Allegro Netrev Import Logic                                      )
(                                                                     )
(    Drawing          : controller.brd                                )
(    Software Version : 16.3S021                                      )
(    Date/Time        : Thu May 19 10:29:54 2011                      )
(                                                                     )
(---------------------------------------------------------------------)


------ Directives ------

RIPUP_ETCH FALSE;
RIPUP_SYMBOLS ALWAYS;
Missing symbol has error FALSE;
SCHEMATIC_DIRECTORY 'C:/Amateur Radio/Projects/UCSC_2m_Repeater/Controller/pcb';
BOARD_DIRECTORY '';
OLD_BOARD_NAME 'C:/Amateur Radio/Projects/UCSC_2m_Repeater/Controller/pcb/controller.brd';
NEW_BOARD_NAME 'C:/Amateur Radio/Projects/UCSC_2m_Repeater/Controller/pcb/controller.brd';

CmdLine: netrev -$ -i C:/Amateur Radio/Projects/UCSC_2m_Repeater/Controller/pcb -y 1 C:/Amateur Radio/Projects/UCSC_2m_Repeater/Controller/pcb/#Taaaaaa01112.tmp

------ Preparing to read pst files ------

Starting to read C:/Amateur Radio/Projects/UCSC_2m_Repeater/Controller/pcb/pstchip.dat 
   Finished reading C:/Amateur Radio/Projects/UCSC_2m_Repeater/Controller/pcb/pstchip.dat (00:00:00.18)
Starting to read C:/Amateur Radio/Projects/UCSC_2m_Repeater/Controller/pcb/pstxprt.dat 
   Finished reading C:/Amateur Radio/Projects/UCSC_2m_Repeater/Controller/pcb/pstxprt.dat (00:00:00.01)
Starting to read C:/Amateur Radio/Projects/UCSC_2m_Repeater/Controller/pcb/pstxnet.dat 
   Finished reading C:/Amateur Radio/Projects/UCSC_2m_Repeater/Controller/pcb/pstxnet.dat (00:00:00.00)

------ Oversights/Warnings/Errors ------


------ Library Paths ------
MODULEPATH =  . 
           C:/Cadence/SPB_16.3/share/local/pcb/modules 
           ../../lib/modules 

PSMPATH =  . 
           C:/Cadence/SPB_16.3/share/local/pcb/~symbols 
           C:/Cadence/SPB_16.3/share/pcb/pcb_lib/~symbols 
           ../../lib/symbols 

PADPATH =  . 
           C:/Cadence/SPB_16.3/share/local/pcb/~padstacks 
           C:/Cadence/SPB_16.3/share/pcb/pcb_lib/~symbols 
           ../../lib/padstacks 


------ Summary Statistics ------


netrev run on May 19 10:29:54 2011
   DESIGN NAME : 'CONTROLLER'
   PACKAGING ON Nov 29 2010 15:06:24

   COMPILE 'logic'
   CHECK_PIN_NAMES OFF
   CROSS_REFERENCE OFF
   FEEDBACK OFF
   INCREMENTAL OFF
   INTERFACE_TYPE PHYSICAL
   MAX_ERRORS 500
   MERGE_MINIMUM 5
   NET_NAME_CHARS '#%&()*+-./:=>?@[]^_`|'
   NET_NAME_LENGTH 24
   OVERSIGHTS ON
   REPLACE_CHECK OFF
   SINGLE_NODE_NETS ON
   SPLIT_MINIMUM 0
   SUPPRESS   20
   WARNINGS ON

 No error detected
 No oversight detected
 No warning detected

cpu time      0:02:03
elapsed time  0:00:01

