(---------------------------------------------------------------------)
(                                                                     )
(    ARTWORK LOG                                                      )
(                                                                     )
(    Drawing          : controllerv1_0.brd                            )
(    Software Version : 16.3S021                                      )
(    Date/Time        : Sun May 01 15:50:03 2011                      )
(                                                                     )
(---------------------------------------------------------------------)


 ---- Photoplot outline rectangle not found ... using drawing extents



Results from parameter file ...
    DEVICE-TYPE           GERBER_RS274X
    OUTPUT-UNITS          INCHES
    FILM-SIZE             2400000 3600000
    FORMAT                2.5
    ABORT-ON-ERROR        NO
    SCALE                 1
    SUPPRESS-LEAD-ZEROES  YES
    SUPPRESS-TRAIL-ZEROES NO
    SUPPRESS-EQUAL        YES
    UNDEF-APT-CONT        NO


================================================================
     PROCESSING FILM < TOP >
     TO FILE < C:/Amateur Radio/Projects/UCSC 2m Repeater/Controller/pcb/artwork/TOP.art > ...
================================================================

  FILM PARAMETERS :
  ---------------------------------------------------------
  Undefined line width                0.0
  Mirror code                         NONE
  Rotate angle                        NONE
  Offset x:                           0.0
  Offset y:                           0.0
  Plot negative                       NO
  Suppress unconnected internal pads  NO

    WARNING: Film contains DRC error(s).


  APERTURES USED:
  ---------------------------------------------------------
  TYPE       SIZE/NAME                   ROT   MIRROR MODE 
  ---------------------------------------------------------
  CIRCLE     0.00500                                  DARK 
  CIRCLE     0.01200                                  DARK 
  CIRCLE     0.01500                                  DARK 
  CIRCLE     0.02500                                  DARK 
  CIRCLE     0.03000                                  DARK 
  CIRCLE     0.04000                                  DARK 
  CIRCLE     0.04800                                  DARK 
  CIRCLE     0.05000                                  DARK 
  CIRCLE     0.05500                                  DARK 
  CIRCLE     0.05600                                  DARK 
  CIRCLE     0.05800                                  DARK 
  CIRCLE     0.06000                                  DARK 
  CIRCLE     0.06200                                  DARK 
  CIRCLE     0.06300                                  DARK 
  CIRCLE     0.07500                                  DARK 
  CIRCLE     0.10000                                  DARK 
  CIRCLE     0.10900                                  DARK 
  CIRCLE     0.14700                                  DARK 
  SQUARE     0.05000                     0.000 NO     DARK 
  SQUARE     0.05600                     0.000 NO     DARK 
  SQUARE     0.05800                     0.000 NO     DARK 
  SQUARE     0.06000                     0.000 NO     DARK 
  SQUARE     0.06200                     0.000 NO     DARK 
  SQUARE     0.06300                     0.000 NO     DARK 
  SQUARE     0.07500                     0.000 NO     DARK 
  SQUARE     0.08600                     0.000 NO     DARK 
  SQUARE     0.10000                     0.000 NO     DARK 
  RECTANGLE  0.04800     x 0.08800      90.000 NO     DARK 
  RECTANGLE  0.07600     x 0.04800      90.000 NO     DARK 
  RECTANGLE  0.14200     x 0.08800      90.000 NO     DARK 

     TOP created with warnings


------------------------------------------------------
 SUMMARY:
        TOP created with warnings

 ARTWORK finished
