(------------------------------------------------------------)
(                                                            )
(        PLACEMENT LOG                                       )
(                                                            )
(        Drawing          : 3_cmpe174tutorial dril holes only)
(        Software Version : 16.2p005                         )
(        Date/Time        : Thu Oct 29 17:39:36 2009         )
(                                                            )
(------------------------------------------------------------)



 Autoplace C:/Academic/UCSC/2009 - 2010/1 - 2009 Fall/CMPE174 F09/Laboratory/Development/Handset/pcb/3_cmpe174tutorial dril holes only.brd 
 Save as C:/Academic/UCSC/2009 - 2010/1 - 2009 Fall/CMPE174 F09/Laboratory/Development/Handset/pcb/3_cmpe174tutorial dril holes only.brd 

 Will search while getting acceptable improvement
 Will not scale complete graph edges
 Start time Thu Oct 29 17:39:36 2009


 
 	 	 Placement Task Version 1.00 
 
 
 Algorithm  : IC
 Place within: board
 Map grid points to: library origin
 Place leftovers on bottom: YES
 Allow component overlap: NO
 Soft boundary: NO
 Cluster: NO
 No Rat: NO
 Remove TAG: NO
 Components at rotation of 0 degrees are weighted 50

 Components at rotation of 90 degrees are weighted 0

 Components at rotation of 180 degrees are weighted 0

 Components at rotation of 270 degrees are weighted 0

 Board direction of north is weighted 50

 Board direction of east is weighted 50

 Board direction of south is weighted 50

 Board direction of west is weighted 50

 Component mirroring weight is 50

 Component straightness weight is 50

 Warning: unplaced components are not PLACE TAGGED.

 Error: No Package Keepin was found
ERROR(SPMHGE-458): Error see the message(s) above.
