(---------------------------------------------------------------------)
(                                                                     )
(    Allegro Netrev Import Logic                                      )
(                                                                     )
(    Drawing          : controller.brd                                )
(    Software Version : 16.3S021                                      )
(    Date/Time        : Mon May 30 17:24:54 2011                      )
(                                                                     )
(---------------------------------------------------------------------)


------ Directives ------

RIPUP_ETCH FALSE;
RIPUP_SYMBOLS ALWAYS;
Missing symbol has error FALSE;
SCHEMATIC_DIRECTORY 'c:\amateur radio\projects\ucsc_2m_repeater\controller\PCB';
BOARD_DIRECTORY 'C:/Amateur Radio/Projects/UCSC_2m_Repeater/Controller/pcb';
OLD_BOARD_NAME 'C:/Amateur Radio/Projects/UCSC_2m_Repeater/Controller/pcb/controller.brd';
NEW_BOARD_NAME 'C:/Amateur Radio/Projects/UCSC_2m_Repeater/Controller/pcb/controller.brd';

CmdLine: netrev.exe -5 -y 1 -i c:\amateur radio\projects\ucsc_2m_repeater\controller\PCB C:\Amateur Radio\Projects\UCSC_2m_Repeater\Controller\pcb\controller.brd C:\Amateur Radio\Projects\UCSC_2m_Repeater\Controller.\pcb\controller.brd

------ Preparing to read pst files ------

Starting to read c:/amateur radio/projects/ucsc_2m_repeater/controller/PCB/pstchip.dat 
   Finished reading c:/amateur radio/projects/ucsc_2m_repeater/controller/PCB/pstchip.dat (00:00:00.14)
Starting to read c:/amateur radio/projects/ucsc_2m_repeater/controller/PCB/pstxprt.dat 
   Finished reading c:/amateur radio/projects/ucsc_2m_repeater/controller/PCB/pstxprt.dat (00:00:00.01)
Starting to read c:/amateur radio/projects/ucsc_2m_repeater/controller/PCB/pstxnet.dat 
   Finished reading c:/amateur radio/projects/ucsc_2m_repeater/controller/PCB/pstxnet.dat (00:00:00.01)

------ Oversights/Warnings/Errors ------


------ Library Paths ------
MODULEPATH =  . 
           C:/Cadence/SPB_16.3/share/local/pcb/modules 
           ../../lib/modules 

PSMPATH =  . 
           C:/Cadence/SPB_16.3/share/local/pcb/~symbols 
           C:/Cadence/SPB_16.3/share/pcb/pcb_lib/~symbols 
           ../../lib/symbols 

PADPATH =  . 
           C:/Cadence/SPB_16.3/share/local/pcb/~padstacks 
           C:/Cadence/SPB_16.3/share/pcb/pcb_lib/~symbols 
           ../../lib/padstacks 


------ Summary Statistics ------


netrev run on May 30 17:24:54 2011
   DESIGN NAME : 'CONTROLLER'
   PACKAGING ON Nov 29 2010 15:06:24

   COMPILE 'logic'
   CHECK_PIN_NAMES OFF
   CROSS_REFERENCE OFF
   FEEDBACK OFF
   INCREMENTAL OFF
   INTERFACE_TYPE PHYSICAL
   MAX_ERRORS 500
   MERGE_MINIMUM 5
   NET_NAME_CHARS '#%&()*+-./:=>?@[]^_`|'
   NET_NAME_LENGTH 24
   OVERSIGHTS ON
   REPLACE_CHECK OFF
   SINGLE_NODE_NETS ON
   SPLIT_MINIMUM 0
   SUPPRESS   20
   WARNINGS ON

 No error detected
 No oversight detected
 No warning detected

cpu time      0:01:58
elapsed time  0:00:01

